[ 09.05.2021 18:22:57.291 x_fence_sync ERROR ] Failed to trigger the fence (X error 136 XSyncBadFence request 134 minor 15 serial 2000)
[ 09.05.2021 18:22:57.291 paint_all ERROR ] x_fence_sync failed, xrender-sync-fence will be disabled from now on.
[ 09.05.2021 18:25:07.348 win_clear_flags WARN ] Flags cleared on a destroyed window 0x004000c4 (VIM: picom.conf )
[ 09.05.2021 18:25:10.507 win_clear_flags WARN ] Flags cleared on a destroyed window 0x004000c0 (Compositor or no compositor : archlinux — Mozilla Firefox)
[ 09.05.2021 21:47:10.067 win_clear_flags WARN ] Flags cleared on a destroyed window 0x00400155 (NZXT H710i | NZXT — Mozilla Firefox)
[ 09.05.2021 21:47:10.067 win_clear_flags WARN ] Flags cleared on a destroyed window 0x004000af (Dennis WASTED His Money - Intel $5,000 Extreme Tech Upgrade - YouTube — Mozilla Firefox)
[ 09.05.2021 21:47:10.142 session_init FATAL ERROR ] Another composite manager is already running
[ 09.05.2021 22:55:09.863 win_clear_flags WARN ] Flags cleared on a destroyed window 0x004000ca (VIM: bspwmrc )
[ 09.05.2021 22:55:47.046 win_mark_client ERROR ] Failed to get client window attributes (X error 3 WINDOW request 3 minor 0 serial 40955)
[ 09.05.2021 22:55:47.046 win_mark_client ERROR ] Failed to get client window attributes (X error 3 WINDOW request 3 minor 0 serial 40968)
[ 09.05.2021 22:56:03.334 win_clear_flags WARN ] Flags cleared on a destroyed window 0x004000ca (fish /home/atopi)
[ 09.05.2021 22:56:13.673 win_clear_flags WARN ] Flags cleared on a destroyed window 0x004001f2 (Taschenrechner)
[ 09.05.2021 22:56:24.097 win_clear_flags WARN ] Flags cleared on a destroyed window 0x004001fc (win0)
[ 09.05.2021 22:56:37.752 win_clear_flags WARN ] Flags cleared on a destroyed window 0x0040020b (CLion and Plugin Updates)
[ 09.05.2021 22:56:38.834 win_clear_flags WARN ] Flags cleared on a destroyed window 0x0040021b (Confirm Exit)
[ 09.05.2021 22:56:38.853 win_clear_flags WARN ] Flags cleared on a destroyed window 0x004001ff (cuda – VisualHull.h)
[ 09.05.2021 22:56:45.587 win_clear_flags WARN ] Flags cleared on a destroyed window 0x00400225 (win0)
[ 09.05.2021 22:57:20.698 win_clear_flags WARN ] Flags cleared on a destroyed window 0x004000c4 (VIM: config )
[ 09.05.2021 23:08:51.842 win_clear_flags WARN ] Flags cleared on a destroyed window 0x004000c0 (battlestations — Mozilla Firefox)
[ 09.05.2021 23:08:54.115 win_clear_flags WARN ] Flags cleared on a destroyed window 0x00400228 (cuda – VisualHull.h)
[ 09.05.2021 23:26:44.002 win_clear_flags WARN ] Flags cleared on a destroyed window 0x00400242 (Mozilla Firefox)
[ 09.05.2021 23:27:21.344 win_clear_flags WARN ] Flags cleared on a destroyed window 0x00400248 (YouTube — Mozilla Firefox)
[ 09.05.2021 23:27:48.046 glx_bind_pixmap ERROR ] Failed to query info of pixmap 0x02e00382.
[ 09.05.2021 23:27:48.046 paint_one ERROR ] Failed to bind texture for window 0x01401a40.
[ 09.05.2021 23:27:48.046 paint_one ERROR ] Window 0x01401a40 is missing painting data.
[ 09.05.2021 23:28:05.919 win_clear_flags WARN ] Flags cleared on a destroyed window 0x00400283 (YouTube — Mozilla Firefox)
[ 09.05.2021 23:28:06.081 win_clear_flags WARN ] Flags cleared on a destroyed window 0x0040027b (Outlook — Mozilla Firefox)
[ 09.05.2021 23:28:06.295 win_clear_flags WARN ] Flags cleared on a destroyed window 0x00400272 (Amazon.de: Günstige Preise für Elektronik & Foto, Filme, Musik, Bücher, Games, Spielzeug & mehr — Mozilla Firefox)
[ 09.05.2021 23:28:09.095 win_clear_flags WARN ] Flags cleared on a destroyed window 0x00400299 (fish /home/atopi)
[ 09.05.2021 23:28:09.250 win_clear_flags WARN ] Flags cleared on a destroyed window 0x00400293 (fish /home/atopi)
[ 09.05.2021 23:29:26.357 win_clear_flags WARN ] Flags cleared on a destroyed window 0x004002b5 (fish /home/atopi)
[ 09.05.2021 23:29:26.623 win_clear_flags WARN ] Flags cleared on a destroyed window 0x004002af (fish /home/atopi)
[ 09.05.2021 23:30:55.654 win_clear_flags WARN ] Flags cleared on a destroyed window 0x004002dc (fish /home/atopi)
[ 09.05.2021 23:30:55.844 win_clear_flags WARN ] Flags cleared on a destroyed window 0x004002d3 (fish /home/atopi)
[ 09.05.2021 23:32:29.285 win_clear_flags WARN ] Flags cleared on a destroyed window 0x004002a4 (VIM: config )
[ 09.05.2021 23:32:29.285 win_clear_flags WARN ] Flags cleared on a destroyed window 0x004000af (Flos biodesintegrierender CHINA-ROLLRASEN! 💀 #Sprechstunde - YouTube — Mozilla Firefox)
[ 09.05.2021 23:33:22.559 win_clear_flags WARN ] Flags cleared on a destroyed window 0x0040023a (fish /home/atopi)
[ 09.05.2021 23:34:17.680 win_clear_flags WARN ] Flags cleared on a destroyed window 0x0040025d (fish /home/atopi)
[ 09.05.2021 23:34:18.751 win_clear_flags WARN ] Flags cleared on a destroyed window 0x00400265 (fish /home/atopi)
[ 09.05.2021 23:34:19.596 win_clear_flags WARN ] Flags cleared on a destroyed window 0x0040026b (fish /home/atopi)
[ 09.05.2021 23:34:28.580 win_clear_flags WARN ] Flags cleared on a destroyed window 0x0040028f (fish /home/atopi)
[ 09.05.2021 23:34:28.714 win_clear_flags WARN ] Flags cleared on a destroyed window 0x00400286 (fish /home/atopi)
[ 09.05.2021 23:34:28.863 win_clear_flags WARN ] Flags cleared on a destroyed window 0x0040027d (fish /home/atopi)
[ 09.05.2021 23:39:33.970 win_clear_flags WARN ] Flags cleared on a destroyed window 0x004002a6 (fish /home/atopi)
[ 09.05.2021 23:39:36.622 win_clear_flags WARN ] Flags cleared on a destroyed window 0x004002b5 (fish /home/atopi)
[ 09.05.2021 23:40:37.413 win_clear_flags WARN ] Flags cleared on a destroyed window 0x00400233 (VIM: set-sound.sh )
[ 09.05.2021 23:41:13.288 win_clear_flags WARN ] Flags cleared on a destroyed window 0x004002c9 (Taschenrechner)
[ 09.05.2021 23:44:07.786 win_mark_client ERROR ] Failed to get client window attributes (X error 3 WINDOW request 3 minor 0 serial 610794)
[ 09.05.2021 23:44:07.786 win_mark_client ERROR ] Failed to get client window attributes (X error 3 WINDOW request 3 minor 0 serial 610807)
[ 09.05.2021 23:44:14.121 win_clear_flags WARN ] Flags cleared on a destroyed window 0x004001ea (Taschenrechner)
[ 09.05.2021 23:44:27.428 win_clear_flags WARN ] Flags cleared on a destroyed window 0x004000bf (VIM: config )
[ 09.05.2021 23:44:27.428 win_clear_flags WARN ] Flags cleared on a destroyed window 0x004000af (GPN19 - Blockchain - Ein außer Kontrolle geratenes Laborexperiment? - YouTube — Mozilla Firefox)
[ 09.05.2021 23:45:04.903 win_clear_flags WARN ] Flags cleared on a destroyed window 0x004000bf (VIM: config )
[ 09.05.2021 23:45:04.903 win_clear_flags WARN ] Flags cleared on a destroyed window 0x004000af (GPN19 - Blockchain - Ein außer Kontrolle geratenes Laborexperiment? - YouTube — Mozilla Firefox)
[ 09.05.2021 23:45:19.633 win_clear_flags WARN ] Flags cleared on a destroyed window 0x004001b9 (Taschenrechner)
[ 09.05.2021 23:46:39.317 win_clear_flags WARN ] Flags cleared on a destroyed window 0x004000c6 (i3: i3 User’s Guide — Mozilla Firefox)
[ 09.05.2021 23:46:42.928 win_clear_flags WARN ] Flags cleared on a destroyed window 0x004000bf (VIM: config )
[ 09.05.2021 23:48:11.045 win_clear_flags WARN ] Flags cleared on a destroyed window 0x004001da (Music Icons | Font Awesome — Mozilla Firefox)
[ 09.05.2021 23:55:25.388 session_init FATAL ERROR ] Another composite manager is already running
[ 10.05.2021 00:07:36.078 win_clear_flags WARN ] Flags cleared on a destroyed window 0x00400202 (picom --config .config/picom/picom.conf /home/atopi)
[ 10.05.2021 08:53:48.512 session_init FATAL ERROR ] Another composite manager is already running
[ 10.05.2021 10:47:19.849 win_clear_flags WARN ] Flags cleared on a destroyed window 0x004001af (New Tab — Mozilla Firefox)
[ 10.05.2021 11:23:55.329 win_clear_flags WARN ] Flags cleared on a destroyed window 0x004001f2 (Mozilla Firefox)
[ 10.05.2021 11:24:23.504 win_clear_flags WARN ] Flags cleared on a destroyed window 0x004001e8 (Amazon.de: Günstige Preise für Elektronik & Foto, Filme, Musik, Bücher, Games, Spielzeug & mehr — Mozilla Firefox)
[ 10.05.2021 12:43:34.882 win_clear_flags WARN ] Flags cleared on a destroyed window 0x00400202 (Mein Mindfactory -> Bestellungen -> Bestellhistorie | Mindfactory.de — Mozilla Firefox)
[ 10.05.2021 12:57:31.074 win_clear_flags WARN ] Flags cleared on a destroyed window 0x00400219 (Close tabs?)
[ 10.05.2021 12:57:31.104 win_clear_flags WARN ] Flags cleared on a destroyed window 0x00400211 (Prozessor-Tuning: Curve Optimizer Guide für AMD Ryzen 5000 - ComputerBase — Mozilla Firefox)
[ 10.05.2021 14:34:10.429 win_clear_flags WARN ] Flags cleared on a destroyed window 0x00400252 (Close tabs?)
[ 10.05.2021 14:34:10.468 win_clear_flags WARN ] Flags cleared on a destroyed window 0x0040023f (cuda atomics with char - Google Suche — Mozilla Firefox)
[ 10.05.2021 14:34:38.516 win_clear_flags WARN ] Flags cleared on a destroyed window 0x00400262 (fish /home/atopi)
[ 10.05.2021 14:34:49.687 win_clear_flags WARN ] Flags cleared on a destroyed window 0x00400267 (fish /home/atopi)
[ 10.05.2021 14:40:22.535 glx_bind_pixmap ERROR ] Failed to query info of pixmap 0x030002b8.
[ 10.05.2021 14:40:22.535 paint_one ERROR ] Failed to bind texture for window 0x020044d1.
[ 10.05.2021 14:40:22.536 paint_one ERROR ] Window 0x020044d1 is missing painting data.
[ 10.05.2021 14:49:22.374 glx_bind_pixmap ERROR ] Failed to query info of pixmap 0x03000363.
[ 10.05.2021 14:49:22.374 paint_one ERROR ] Failed to bind texture for window 0x02004acb.
[ 10.05.2021 14:49:22.374 paint_one ERROR ] Window 0x02004acb is missing painting data.
[ 10.05.2021 15:55:04.898 win_clear_flags WARN ] Flags cleared on a destroyed window 0x0040029d (Schlüsselbund entsperren)
[ 10.05.2021 15:56:49.211 win_clear_flags WARN ] Flags cleared on a destroyed window 0x004002a7 (Save As)
[ 10.05.2021 16:00:19.973 win_clear_flags WARN ] Flags cleared on a destroyed window 0x004002b0 (Save As)
[ 10.05.2021 16:02:10.283 win_clear_flags WARN ] Flags cleared on a destroyed window 0x004002b9 (Save As)
[ 10.05.2021 16:10:08.028 win_clear_flags WARN ] Flags cleared on a destroyed window 0x004002c2 (Save Image)
[ 10.05.2021 16:10:41.932 win_clear_flags WARN ] Flags cleared on a destroyed window 0x004002cb (File Upload)
[ 10.05.2021 16:38:32.460 win_clear_flags WARN ] Flags cleared on a destroyed window 0x00400298 (test.js - Visual Studio Code)
[ 10.05.2021 17:21:45.048 win_clear_flags WARN ] Flags cleared on a destroyed window 0x004002f8 (JetBrains Toolbox)
[ 10.05.2021 18:05:20.815 win_clear_flags WARN ] Flags cleared on a destroyed window 0x00400313 (Close tabs?)
[ 10.05.2021 18:05:20.848 win_clear_flags WARN ] Flags cleared on a destroyed window 0x0040028b (Suche nach ''rtx'': 215 Treffer | Mindfactory.de — Mozilla Firefox)
[ 10.05.2021 18:13:39.428 win_clear_flags WARN ] Flags cleared on a destroyed window 0x00400322 (Aerial photograph of Globalfoundries Dresden - Globalfoundries – Wikipedia — Mozilla Firefox)
[ 10.05.2021 18:16:09.877 win_clear_flags WARN ] Flags cleared on a destroyed window 0x00400334 (GCMS | Bearbeitungsfunktionen — Mozilla Firefox)
[ 10.05.2021 19:36:02.672 win_clear_flags WARN ] Flags cleared on a destroyed window 0x00400222 (fish /home/atopi/ownCloud/Masterarbeit/Code/visual-hull/raycasting-algorithm/cuda/cmake-build-debug)
[ 10.05.2021 19:42:11.200 glx_bind_pixmap ERROR ] Failed to query info of pixmap 0x03000999.
[ 10.05.2021 19:42:11.200 paint_one ERROR ] Failed to bind texture for window 0x02008111.
[ 10.05.2021 19:42:11.200 paint_one ERROR ] Window 0x02008111 is missing painting data.
[ 10.05.2021 19:57:43.806 win_clear_flags WARN ] Flags cleared on a destroyed window 0x0040035c (Open Folder)
[ 10.05.2021 19:58:10.664 win_clear_flags WARN ] Flags cleared on a destroyed window 0x00400365 (Open File)
[ 10.05.2021 20:14:50.835 win_clear_flags WARN ] Flags cleared on a destroyed window 0x00400356 (plot.py - Visual Studio Code)
[ 10.05.2021 20:22:35.487 win_clear_flags WARN ] Flags cleared on a destroyed window 0x0040037b (cuda)
[ 10.05.2021 21:01:08.437 win_clear_flags WARN ] Flags cleared on a destroyed window 0x00400387 (Delete)
[ 10.05.2021 21:01:08.994 win_clear_flags WARN ] Flags cleared on a destroyed window 0x00400391 ( )
[ 10.05.2021 21:02:13.088 win_clear_flags WARN ] Flags cleared on a destroyed window 0x00400398 (Delete)
[ 10.05.2021 21:32:12.446 glx_bind_pixmap ERROR ] Failed to query info of pixmap 0x03000c3d.
[ 10.05.2021 21:32:12.446 paint_one ERROR ] Failed to bind texture for window 0x02009c42.
[ 10.05.2021 21:32:12.446 paint_one ERROR ] Window 0x02009c42 is missing painting data.
[ 10.05.2021 21:47:40.432 win_clear_flags WARN ] Flags cleared on a destroyed window 0x004003b2 (Taschenrechner)
[ 10.05.2021 21:47:44.049 glx_bind_pixmap ERROR ] Failed to query info of pixmap 0x03000d6f.
[ 10.05.2021 21:47:44.049 paint_one ERROR ] Failed to bind texture for window 0x0200a11e.
[ 10.05.2021 21:47:44.049 paint_one ERROR ] Window 0x0200a11e is missing painting data.
[ 10.05.2021 22:03:39.654 win_clear_flags WARN ] Flags cleared on a destroyed window 0x00400129 (Close tabs?)
[ 10.05.2021 22:03:39.667 win_clear_flags WARN ] Flags cleared on a destroyed window 0x00400115 (std::size_t - cppreference.com — Mozilla Firefox)
[ 10.05.2021 22:03:50.430 session_init FATAL ERROR ] Another composite manager is already running
[ 10.05.2021 22:04:06.229 win_clear_flags WARN ] Flags cleared on a destroyed window 0x00400139 (fish /home/atopi)
[ 10.05.2021 22:30:05.592 win_clear_flags WARN ] Flags cleared on a destroyed window 0x004001ca (win0)
[ 10.05.2021 22:30:34.226 win_clear_flags WARN ] Flags cleared on a destroyed window 0x004001d7 (Open File or Project)
[ 10.05.2021 22:30:35.321 win_clear_flags WARN ] Flags cleared on a destroyed window 0x004001e4 (Open Project)
[ 10.05.2021 22:31:38.763 win_clear_flags WARN ] Flags cleared on a destroyed window 0x004001ff (New C/C++ Source File)
[ 10.05.2021 22:36:49.657 glx_bind_pixmap ERROR ] Failed to query info of pixmap 0x0140040d.
[ 10.05.2021 22:36:49.657 paint_one ERROR ] Failed to bind texture for window 0x02c00c77.
[ 10.05.2021 22:36:49.657 paint_one ERROR ] Window 0x02c00c77 is missing painting data.
[ 10.05.2021 22:37:17.728 glx_bind_pixmap ERROR ] Failed to query info of pixmap 0x01400415.
[ 10.05.2021 22:37:17.728 paint_one ERROR ] Failed to bind texture for window 0x02c00cd4.
[ 10.05.2021 22:37:17.728 paint_one ERROR ] Window 0x02c00cd4 is missing painting data.
[ 10.05.2021 22:47:42.322 win_clear_flags WARN ] Flags cleared on a destroyed window 0x00400214 (Open File or Project)
[ 10.05.2021 22:47:43.516 win_clear_flags WARN ] Flags cleared on a destroyed window 0x0040021f (Open Project)
[ 10.05.2021 22:47:43.782 win_clear_flags WARN ] Flags cleared on a destroyed window 0x004001ee ( )
[ 10.05.2021 22:47:54.354 glx_bind_pixmap ERROR ] Failed to query info of pixmap 0x01400498.
[ 10.05.2021 22:47:54.355 paint_one ERROR ] Failed to bind texture for window 0x02c01463.
[ 10.05.2021 22:47:54.355 paint_one ERROR ] Window 0x02c01463 is missing painting data.
[ 10.05.2021 22:48:06.778 win_clear_flags WARN ] Flags cleared on a destroyed window 0x00400234 (win93)
[ 10.05.2021 22:48:08.163 win_clear_flags WARN ] Flags cleared on a destroyed window 0x0040023b (Add File to Git)
[ 10.05.2021 22:50:21.124 win_clear_flags WARN ] Flags cleared on a destroyed window 0x00400249 (Open Project)
[ 10.05.2021 22:50:21.301 win_clear_flags WARN ] Flags cleared on a destroyed window 0x004001cd ( )
[ 10.05.2021 22:50:33.308 glx_bind_pixmap ERROR ] Failed to query info of pixmap 0x01400505.
[ 10.05.2021 22:50:33.308 paint_one ERROR ] Failed to bind texture for window 0x02c01814.
[ 10.05.2021 22:50:33.308 paint_one ERROR ] Window 0x02c01814 is missing painting data.
[ 10.05.2021 22:56:45.038 win_clear_flags WARN ] Flags cleared on a destroyed window 0x00400266 (Open File or Project)
[ 10.05.2021 22:56:46.075 win_clear_flags WARN ] Flags cleared on a destroyed window 0x00400271 (Open Project)
[ 10.05.2021 22:56:46.219 win_clear_flags WARN ] Flags cleared on a destroyed window 0x00400257 (visual_hull_c++ – time-trial.cpp)
[ 10.05.2021 23:07:03.723 win_clear_flags WARN ] Flags cleared on a destroyed window 0x0040027c (visual-hull-new-algorithm – VisualHull.h)
[ 10.05.2021 23:07:04.344 win_clear_flags WARN ] Flags cleared on a destroyed window 0x0040022a (visual_hull_cuda – time-trial.cu)
[ 10.05.2021 23:07:10.738 win_clear_flags WARN ] Flags cleared on a destroyed window 0x0040029b (Close tabs?)
[ 10.05.2021 23:07:10.793 win_clear_flags WARN ] Flags cleared on a destroyed window 0x004001b7 (Amazon EC2 Instance-Typen – Amazon Web Services (AWS) — Mozilla Firefox)
[ 10.05.2021 23:12:28.930 win_clear_flags WARN ] Flags cleared on a destroyed window 0x004002a9 (Close tabs and quit?)
[ 10.05.2021 23:12:28.978 win_clear_flags WARN ] Flags cleared on a destroyed window 0x0040010d (DoktorFroid - Twitch — Mozilla Firefox)
[ 11.05.2021 08:30:26.927 win_mark_client ERROR ] Failed to get client window attributes (X error 3 WINDOW request 3 minor 0 serial 3941)
[ 11.05.2021 08:30:26.992 session_init FATAL ERROR ] Another composite manager is already running
[ 11.05.2021 08:30:39.302 win_mark_client ERROR ] Failed to get client window attributes (X error 3 WINDOW request 3 minor 0 serial 2401)
[ 11.05.2021 08:30:39.382 session_init FATAL ERROR ] Another composite manager is already running
[ 11.05.2021 11:22:07.401 win_clear_flags WARN ] Flags cleared on a destroyed window 0x004000b8 (fish /home/atopi)
[ 11.05.2021 11:23:06.799 win_clear_flags WARN ] Flags cleared on a destroyed window 0x004000b8 (fish /home/atopi)
[ 11.05.2021 11:24:32.679 win_clear_flags WARN ] Flags cleared on a destroyed window 0x00400119 (fish /home/atopi/code/TEST/visual-hull)
[ 11.05.2021 11:24:44.695 win_clear_flags WARN ] Flags cleared on a destroyed window 0x00400120 (Fehler)
[ 11.05.2021 13:01:23.903 win_clear_flags WARN ] Flags cleared on a destroyed window 0x00400161 (fish /home/atopi)
[ 11.05.2021 15:06:42.334 win_clear_flags WARN ] Flags cleared on a destroyed window 0x00400177 (Bash For Loop | Linuxize — Mozilla Firefox)
[ 11.05.2021 15:06:45.230 win_clear_flags WARN ] Flags cleared on a destroyed window 0x0040016b (VIM: run-time-trials.sh [+])
[ 11.05.2021 16:57:51.202 win_clear_flags WARN ] Flags cleared on a destroyed window 0x00400195 (win0)
[ 11.05.2021 16:59:11.232 win_clear_flags WARN ] Flags cleared on a destroyed window 0x004001b4 (Open File or Project)
[ 11.05.2021 16:59:12.282 win_clear_flags WARN ] Flags cleared on a destroyed window 0x004001c2 (Open Project)
[ 11.05.2021 16:59:28.841 glx_bind_pixmap ERROR ] Failed to query info of pixmap 0x0180033c.
[ 11.05.2021 16:59:28.841 paint_one ERROR ] Failed to bind texture for window 0x03a004f0.
[ 11.05.2021 16:59:28.841 paint_one ERROR ] Window 0x03a004f0 is missing painting data.
[ 11.05.2021 17:04:40.326 win_clear_flags WARN ] Flags cleared on a destroyed window 0x0040019e (visual_hull_c++ – VisualHull.h)
[ 11.05.2021 17:07:06.621 win_clear_flags WARN ] Flags cleared on a destroyed window 0x004001d2 (win0)
[ 11.05.2021 17:12:03.287 win_clear_flags WARN ] Flags cleared on a destroyed window 0x004001de (visual_hull_c++ – VisualHull.h)
[ 11.05.2021 19:53:51.884 win_clear_flags WARN ] Flags cleared on a destroyed window 0x0040018f (fish /home/atopi/code/TEST/visual-hull)
[ 11.05.2021 20:03:51.706 win_clear_flags WARN ] Flags cleared on a destroyed window 0x00400208 (fish /home/atopi)
[ 11.05.2021 22:49:35.225 win_clear_flags WARN ] Flags cleared on a destroyed window 0x0040012c (ubuntu@ip-172-31-0-251: ~/visual-hull)
[ 11.05.2021 22:57:22.540 win_clear_flags WARN ] Flags cleared on a destroyed window 0x00400185 (Instances | EC2 Management Console — Mozilla Firefox)
[ 11.05.2021 23:00:59.794 win_clear_flags WARN ] Flags cleared on a destroyed window 0x00400227 (Close tabs and quit?)
[ 11.05.2021 23:00:59.848 win_clear_flags WARN ] Flags cleared on a destroyed window 0x00400220 (F.A.Q. zum Offloader Fujitsu-Siemens Futro S550 - Technik / Erklärbär - Freifunk Forum — Mozilla Firefox)
[ 12.05.2021 08:20:44.928 win_clear_flags WARN ] Flags cleared on a destroyed window 0x00400148 (fish /home/atopi)
[ 12.05.2021 08:22:16.612 win_clear_flags WARN ] Flags cleared on a destroyed window 0x00400164 (Text Import - [projection-c++-result-1.csv])
[ 12.05.2021 08:22:31.084 win_clear_flags WARN ] Flags cleared on a destroyed window 0x00400170 (projection-c++-result-1.csv - LibreOffice Calc)
[ 12.05.2021 08:22:33.462 win_clear_flags WARN ] Flags cleared on a destroyed window 0x00400181 (Text Import - [projection-c++-result-2.csv])
[ 12.05.2021 08:22:44.749 win_clear_flags WARN ] Flags cleared on a destroyed window 0x0040018a (projection-c++-result-2.csv - LibreOffice Calc)
[ 12.05.2021 08:22:47.271 win_clear_flags WARN ] Flags cleared on a destroyed window 0x0040019b (Text Import - [projection-c++-result-3.csv])
[ 12.05.2021 08:22:57.949 win_clear_flags WARN ] Flags cleared on a destroyed window 0x004001a4 (projection-c++-result-3.csv - LibreOffice Calc)
[ 12.05.2021 08:23:00.384 win_clear_flags WARN ] Flags cleared on a destroyed window 0x004001af (Text Import - [projection-c++-result-4.csv])
[ 12.05.2021 08:23:08.998 win_clear_flags WARN ] Flags cleared on a destroyed window 0x004001b8 (projection-c++-result-4.csv - LibreOffice Calc)
[ 12.05.2021 08:23:11.923 win_clear_flags WARN ] Flags cleared on a destroyed window 0x004001c3 (Text Import - [projection-c++-result-5.csv])
[ 12.05.2021 08:23:32.278 win_clear_flags WARN ] Flags cleared on a destroyed window 0x004001d6 (Save)
[ 12.05.2021 08:23:42.085 win_clear_flags WARN ] Flags cleared on a destroyed window 0x004001cc (projection-c++-result-5.csv - LibreOffice Calc)
[ 12.05.2021 08:25:02.850 win_clear_flags WARN ] Flags cleared on a destroyed window 0x004001e4 (Text Import - [projection-c++-result-1.csv])
[ 12.05.2021 08:25:16.098 win_clear_flags WARN ] Flags cleared on a destroyed window 0x004001ed (projection-c++-result-1.csv - LibreOffice Calc)
[ 12.05.2021 08:25:37.873 win_clear_flags WARN ] Flags cleared on a destroyed window 0x004001f8 (Text Import - [projection-c++-result-1.csv])
[ 12.05.2021 08:25:46.681 win_clear_flags WARN ] Flags cleared on a destroyed window 0x00400201 (projection-c++-result-1.csv - LibreOffice Calc)
[ 12.05.2021 08:26:29.834 win_clear_flags WARN ] Flags cleared on a destroyed window 0x0040020c (Text Import - [projection-c++-result-1.csv])
[ 12.05.2021 08:26:52.820 win_clear_flags WARN ] Flags cleared on a destroyed window 0x0040021f (Format Cells)
[ 12.05.2021 08:26:54.327 win_clear_flags WARN ] Flags cleared on a destroyed window 0x00400215 (projection-c++-result-1.csv - LibreOffice Calc)
[ 12.05.2021 08:27:06.722 win_clear_flags WARN ] Flags cleared on a destroyed window 0x00400229 (Text Import - [projection-c++-result-1.csv])
[ 12.05.2021 08:27:21.940 win_clear_flags WARN ] Flags cleared on a destroyed window 0x0040023c ((null))
[ 12.05.2021 08:27:24.351 win_clear_flags WARN ] Flags cleared on a destroyed window 0x00400232 (projection-c++-result-1.csv - LibreOffice Calc)
[ 12.05.2021 08:27:27.385 win_clear_flags WARN ] Flags cleared on a destroyed window 0x00400246 (Text Import - [projection-c++-result-2.csv])
[ 12.05.2021 08:27:33.983 win_clear_flags WARN ] Flags cleared on a destroyed window 0x00400259 ((null))
[ 12.05.2021 08:27:36.059 win_clear_flags WARN ] Flags cleared on a destroyed window 0x0040024f (projection-c++-result-2.csv - LibreOffice Calc)
[ 12.05.2021 08:27:38.847 win_clear_flags WARN ] Flags cleared on a destroyed window 0x00400263 (Text Import - [projection-c++-result-3.csv])
[ 12.05.2021 08:27:44.975 win_clear_flags WARN ] Flags cleared on a destroyed window 0x00400276 ((null))
[ 12.05.2021 08:27:46.524 win_clear_flags WARN ] Flags cleared on a destroyed window 0x0040026c (projection-c++-result-3.csv - LibreOffice Calc)
[ 12.05.2021 08:27:51.231 win_clear_flags WARN ] Flags cleared on a destroyed window 0x00400280 (Text Import - [projection-c++-result-4.csv])
[ 12.05.2021 08:27:58.411 win_clear_flags WARN ] Flags cleared on a destroyed window 0x00400293 ((null))
[ 12.05.2021 08:28:12.869 win_clear_flags WARN ] Flags cleared on a destroyed window 0x00400289 (projection-c++-result-4.csv - LibreOffice Calc)
[ 12.05.2021 08:28:16.293 win_clear_flags WARN ] Flags cleared on a destroyed window 0x0040029d (Text Import - [projection-c++-result-5.csv])
[ 12.05.2021 08:28:22.959 win_clear_flags WARN ] Flags cleared on a destroyed window 0x004002b0 ((null))
[ 12.05.2021 08:28:26.189 win_clear_flags WARN ] Flags cleared on a destroyed window 0x004002a6 (projection-c++-result-5.csv - LibreOffice Calc)
[ 12.05.2021 08:29:46.332 win_clear_flags WARN ] Flags cleared on a destroyed window 0x004002ba (Text Import - [projection-cuda-result-1.csv])
[ 12.05.2021 08:29:54.922 win_clear_flags WARN ] Flags cleared on a destroyed window 0x004002c3 (projection-cuda-result-1.csv - LibreOffice Calc)
[ 12.05.2021 08:29:57.430 win_clear_flags WARN ] Flags cleared on a destroyed window 0x004002d2 (Text Import - [projection-cuda-result-2.csv])
[ 12.05.2021 08:30:06.099 win_clear_flags WARN ] Flags cleared on a destroyed window 0x004002db (projection-cuda-result-2.csv - LibreOffice Calc)
[ 12.05.2021 08:30:09.127 win_clear_flags WARN ] Flags cleared on a destroyed window 0x004002e6 (Text Import - [projection-cuda-result-3.csv])
[ 12.05.2021 08:30:15.049 win_clear_flags WARN ] Flags cleared on a destroyed window 0x004002ef (projection-cuda-result-3.csv - LibreOffice Calc)
[ 12.05.2021 08:30:18.132 win_clear_flags WARN ] Flags cleared on a destroyed window 0x004002fa (Text Import - [projection-cuda-result-4.csv])
[ 12.05.2021 08:30:23.359 win_clear_flags WARN ] Flags cleared on a destroyed window 0x00400303 (projection-cuda-result-4.csv - LibreOffice Calc)
[ 12.05.2021 08:30:25.755 win_clear_flags WARN ] Flags cleared on a destroyed window 0x0040030e (Text Import - [projection-cuda-result-5.csv])
[ 12.05.2021 08:30:32.555 win_clear_flags WARN ] Flags cleared on a destroyed window 0x00400317 (projection-cuda-result-5.csv - LibreOffice Calc)
[ 12.05.2021 08:31:51.720 win_clear_flags WARN ] Flags cleared on a destroyed window 0x00400322 (Text Import - [raycasting-c++-result-1.csv])
[ 12.05.2021 08:31:58.399 win_clear_flags WARN ] Flags cleared on a destroyed window 0x0040032b (raycasting-c++-result-1.csv - LibreOffice Calc)
[ 12.05.2021 08:32:00.621 win_clear_flags WARN ] Flags cleared on a destroyed window 0x00400336 (Text Import - [raycasting-c++-result-2.csv])
[ 12.05.2021 08:32:04.948 win_clear_flags WARN ] Flags cleared on a destroyed window 0x0040033f (raycasting-c++-result-2.csv - LibreOffice Calc)
[ 12.05.2021 08:32:11.817 win_clear_flags WARN ] Flags cleared on a destroyed window 0x00400353 (raycasting-c++-result-3.csv - LibreOffice Calc)
[ 12.05.2021 08:32:19.358 win_clear_flags WARN ] Flags cleared on a destroyed window 0x00400367 (raycasting-c++-result-4.csv - LibreOffice Calc)
[ 12.05.2021 08:32:21.947 win_clear_flags WARN ] Flags cleared on a destroyed window 0x00400372 (Text Import - [raycasting-c++-result-5.csv])
[ 12.05.2021 08:32:27.934 win_clear_flags WARN ] Flags cleared on a destroyed window 0x0040037b (raycasting-c++-result-5.csv - LibreOffice Calc)
[ 12.05.2021 08:32:50.858 win_clear_flags WARN ] Flags cleared on a destroyed window 0x00400386 (Text Import - [raycasting-cuda-result-1.csv])
[ 12.05.2021 08:33:07.732 win_clear_flags WARN ] Flags cleared on a destroyed window 0x0040038f (raycasting-cuda-result-1.csv - LibreOffice Calc)
[ 12.05.2021 08:33:10.177 win_clear_flags WARN ] Flags cleared on a destroyed window 0x0040039a (Text Import - [raycasting-cuda-result-2.csv])
[ 12.05.2021 08:33:19.432 win_clear_flags WARN ] Flags cleared on a destroyed window 0x004003a3 (raycasting-cuda-result-2.csv - LibreOffice Calc)
[ 12.05.2021 08:33:21.529 win_clear_flags WARN ] Flags cleared on a destroyed window 0x004003ae (Text Import - [raycasting-cuda-result-3.csv])
[ 12.05.2021 08:33:26.731 win_clear_flags WARN ] Flags cleared on a destroyed window 0x004003b7 (raycasting-cuda-result-3.csv - LibreOffice Calc)
[ 12.05.2021 08:33:28.839 win_clear_flags WARN ] Flags cleared on a destroyed window 0x004003c2 (Text Import - [raycasting-cuda-result-4.csv])
[ 12.05.2021 08:33:33.716 win_clear_flags WARN ] Flags cleared on a destroyed window 0x004003cb (raycasting-cuda-result-4.csv - LibreOffice Calc)
[ 12.05.2021 08:33:35.772 win_clear_flags WARN ] Flags cleared on a destroyed window 0x004003d6 (Text Import - [raycasting-cuda-result-5.csv])
[ 12.05.2021 08:34:04.044 win_clear_flags WARN ] Flags cleared on a destroyed window 0x004003df (raycasting-cuda-result-5.csv - LibreOffice Calc)
[ 12.05.2021 08:35:35.275 win_clear_flags WARN ] Flags cleared on a destroyed window 0x00400126 (results)
[ 12.05.2021 08:44:38.246 win_clear_flags WARN ] Flags cleared on a destroyed window 0x004003fe (fish /home/atopi)
[ 12.05.2021 08:45:23.195 win_clear_flags WARN ] Flags cleared on a destroyed window 0x00400409 (Fehler)
[ 12.05.2021 08:45:25.365 win_clear_flags WARN ] Flags cleared on a destroyed window 0x00400412 (Fehler)
[ 12.05.2021 08:45:26.748 win_clear_flags WARN ] Flags cleared on a destroyed window 0x00400404 (Bachelor)
[ 12.05.2021 09:00:04.818 win_clear_flags WARN ] Flags cleared on a destroyed window 0x0040041c (Data Range)
[ 12.05.2021 09:00:12.909 win_clear_flags WARN ] Flags cleared on a destroyed window 0x00400785 (Chart Type)
[ 12.05.2021 09:00:36.391 win_clear_flags WARN ] Flags cleared on a destroyed window 0x0040078e (Data Range)
[ 12.05.2021 09:01:09.398 win_clear_flags WARN ] Flags cleared on a destroyed window 0x00400797 (Data Range)
[ 12.05.2021 09:01:23.625 win_clear_flags WARN ] Flags cleared on a destroyed window 0x004007a0 (Data Range: Area)
[ 12.05.2021 09:01:24.949 win_clear_flags WARN ] Flags cleared on a destroyed window 0x004007aa (Chart Type)
[ 12.05.2021 09:01:36.059 win_clear_flags WARN ] Flags cleared on a destroyed window 0x004007b3 (Data Range)
[ 12.05.2021 09:01:44.124 win_clear_flags WARN ] Flags cleared on a destroyed window 0x004007bc (Data Range: Area)
[ 12.05.2021 09:02:37.279 win_clear_flags WARN ] Flags cleared on a destroyed window 0x004007c6 (Data Series)
[ 12.05.2021 09:02:39.297 win_clear_flags WARN ] Flags cleared on a destroyed window 0x004007cf (Select Range for Name of Column C: Area)
[ 12.05.2021 09:03:40.303 win_clear_flags WARN ] Flags cleared on a destroyed window 0x004007d9 (Data Series)
[ 12.05.2021 09:03:42.163 win_clear_flags WARN ] Flags cleared on a destroyed window 0x004007e2 (Select Range for Y-Values of Series: Area)
[ 12.05.2021 09:03:46.833 win_clear_flags WARN ] Flags cleared on a destroyed window 0x004007ec (Data Series)
[ 12.05.2021 09:03:49.043 win_clear_flags WARN ] Flags cleared on a destroyed window 0x004007f5 (Select Range for Categories: Area)
[ 12.05.2021 09:04:20.518 win_clear_flags WARN ] Flags cleared on a destroyed window 0x004007ff (Data Series)
[ 12.05.2021 09:04:22.640 win_clear_flags WARN ] Flags cleared on a destroyed window 0x00400808 (Select Range for Y-Values of Series: Area)
[ 12.05.2021 09:04:26.536 win_clear_flags WARN ] Flags cleared on a destroyed window 0x00400812 (Data Series)
[ 12.05.2021 09:04:30.730 win_clear_flags WARN ] Flags cleared on a destroyed window 0x0040081b (Select Range for Y-Values of Series: Area)
[ 12.05.2021 09:04:34.812 win_clear_flags WARN ] Flags cleared on a destroyed window 0x00400825 (Data Series)
[ 12.05.2021 09:04:39.148 win_clear_flags WARN ] Flags cleared on a destroyed window 0x0040082e (Select Range for Y-Values of Series: Area)
[ 12.05.2021 09:05:28.715 win_clear_flags WARN ] Flags cleared on a destroyed window 0x00400838 (Chart Elements)
[ 12.05.2021 09:05:38.907 win_clear_flags WARN ] Flags cleared on a destroyed window 0x00400841 (Chart Type)
[ 12.05.2021 09:05:44.314 win_clear_flags WARN ] Flags cleared on a destroyed window 0x0040084a (Data Ranges)
[ 12.05.2021 09:07:11.203 win_clear_flags WARN ] Flags cleared on a destroyed window 0x0040085c (Save)
[ 12.05.2021 09:07:16.915 win_clear_flags WARN ] Flags cleared on a destroyed window 0x00400853 (File Upload)
[ 12.05.2021 09:29:40.197 win_clear_flags WARN ] Flags cleared on a destroyed window 0x00400866 (Find and Replace)
[ 12.05.2021 09:34:09.315 win_clear_flags WARN ] Flags cleared on a destroyed window 0x00400878 (Text Import - [projection-c++-result-1.csv])
[ 12.05.2021 09:34:13.143 win_clear_flags WARN ] Flags cleared on a destroyed window 0x00400881 (projection-c++-result-1.csv - LibreOffice Calc)
[ 12.05.2021 09:34:19.150 win_clear_flags WARN ] Flags cleared on a destroyed window 0x0040088e (Text Import - [projection-c++-result-1.csv])
[ 12.05.2021 09:34:25.866 win_clear_flags WARN ] Flags cleared on a destroyed window 0x00400897 (projection-c++-result-1.csv - LibreOffice Calc)
[ 12.05.2021 09:34:29.569 win_clear_flags WARN ] Flags cleared on a destroyed window 0x0040089e (Text Import - [projection-c++-result-2.csv])
[ 12.05.2021 09:34:34.821 win_clear_flags WARN ] Flags cleared on a destroyed window 0x004008a7 (projection-c++-result-2.csv - LibreOffice Calc)
[ 12.05.2021 09:34:35.934 win_clear_flags WARN ] Flags cleared on a destroyed window 0x004008af (Mozilla Firefox (Private Browsing))
[ 12.05.2021 09:34:38.561 win_clear_flags WARN ] Flags cleared on a destroyed window 0x004008b6 (Text Import - [projection-c++-result-3.csv])
[ 12.05.2021 09:34:44.045 win_clear_flags WARN ] Flags cleared on a destroyed window 0x004008bf (projection-c++-result-3.csv - LibreOffice Calc)
[ 12.05.2021 09:34:47.214 win_clear_flags WARN ] Flags cleared on a destroyed window 0x004008c6 (Text Import - [projection-c++-result-4.csv])
[ 12.05.2021 09:34:52.808 win_clear_flags WARN ] Flags cleared on a destroyed window 0x004008cf (projection-c++-result-4.csv - LibreOffice Calc)
[ 12.05.2021 09:34:56.221 win_clear_flags WARN ] Flags cleared on a destroyed window 0x004008d6 (Text Import - [projection-c++-result-5.csv])
[ 12.05.2021 09:35:24.321 win_clear_flags WARN ] Flags cleared on a destroyed window 0x004008df (projection-c++-result-5.csv - LibreOffice Calc)
[ 12.05.2021 09:35:28.753 win_clear_flags WARN ] Flags cleared on a destroyed window 0x004008e6 (Text Import - [projection-cuda-result-1.csv])
[ 12.05.2021 09:35:34.433 win_clear_flags WARN ] Flags cleared on a destroyed window 0x004008ef (projection-cuda-result-1.csv - LibreOffice Calc)
[ 12.05.2021 09:35:37.418 win_clear_flags WARN ] Flags cleared on a destroyed window 0x004008f7 (Text Import - [projection-cuda-result-2.csv])
[ 12.05.2021 09:35:42.524 win_clear_flags WARN ] Flags cleared on a destroyed window 0x00400900 (projection-cuda-result-2.csv - LibreOffice Calc)
[ 12.05.2021 09:35:44.828 win_clear_flags WARN ] Flags cleared on a destroyed window 0x00400907 (Text Import - [projection-cuda-result-3.csv])
[ 12.05.2021 09:35:49.607 win_clear_flags WARN ] Flags cleared on a destroyed window 0x00400910 (projection-cuda-result-3.csv - LibreOffice Calc)
[ 12.05.2021 09:35:51.653 win_clear_flags WARN ] Flags cleared on a destroyed window 0x00400917 (Text Import - [projection-cuda-result-4.csv])
[ 12.05.2021 09:35:57.244 win_clear_flags WARN ] Flags cleared on a destroyed window 0x00400920 (projection-cuda-result-4.csv - LibreOffice Calc)
[ 12.05.2021 09:36:00.783 win_clear_flags WARN ] Flags cleared on a destroyed window 0x00400927 (Text Import - [projection-cuda-result-5.csv])
[ 12.05.2021 09:36:06.361 win_clear_flags WARN ] Flags cleared on a destroyed window 0x00400930 (projection-cuda-result-5.csv - LibreOffice Calc)
[ 12.05.2021 09:36:19.048 win_clear_flags WARN ] Flags cleared on a destroyed window 0x00400937 (Text Import - [raycasting-c++-result-1.csv])
[ 12.05.2021 09:36:24.854 win_clear_flags WARN ] Flags cleared on a destroyed window 0x00400940 (raycasting-c++-result-1.csv - LibreOffice Calc)
[ 12.05.2021 09:36:30.336 win_clear_flags WARN ] Flags cleared on a destroyed window 0x00400947 (Text Import - [raycasting-c++-result-2.csv])
[ 12.05.2021 09:36:34.938 win_clear_flags WARN ] Flags cleared on a destroyed window 0x00400950 (raycasting-c++-result-2.csv - LibreOffice Calc)
[ 12.05.2021 09:36:38.736 win_clear_flags WARN ] Flags cleared on a destroyed window 0x00400957 (Text Import - [raycasting-c++-result-3.csv])
[ 12.05.2021 09:36:45.428 win_clear_flags WARN ] Flags cleared on a destroyed window 0x00400967 (Text Import - [raycasting-c++-result-4.csv])
[ 12.05.2021 09:36:49.836 win_clear_flags WARN ] Flags cleared on a destroyed window 0x00400970 (raycasting-c++-result-4.csv - LibreOffice Calc)
[ 12.05.2021 09:36:59.371 win_clear_flags WARN ] Flags cleared on a destroyed window 0x00400980 (raycasting-c++-result-5.csv - LibreOffice Calc)
[ 12.05.2021 09:37:02.222 win_clear_flags WARN ] Flags cleared on a destroyed window 0x00400987 (Text Import - [raycasting-cuda-result-1.csv])
[ 12.05.2021 09:37:07.441 win_clear_flags WARN ] Flags cleared on a destroyed window 0x00400990 (raycasting-cuda-result-1.csv - LibreOffice Calc)
[ 12.05.2021 09:37:09.297 win_clear_flags WARN ] Flags cleared on a destroyed window 0x00400997 (Text Import - [raycasting-cuda-result-2.csv])
[ 12.05.2021 09:37:14.368 win_clear_flags WARN ] Flags cleared on a destroyed window 0x004009a0 (raycasting-cuda-result-2.csv - LibreOffice Calc)
[ 12.05.2021 09:37:16.672 win_clear_flags WARN ] Flags cleared on a destroyed window 0x004009a7 (Text Import - [raycasting-cuda-result-3.csv])
[ 12.05.2021 09:37:22.580 win_clear_flags WARN ] Flags cleared on a destroyed window 0x004009b0 (raycasting-cuda-result-3.csv - LibreOffice Calc)
[ 12.05.2021 09:37:24.885 win_clear_flags WARN ] Flags cleared on a destroyed window 0x004009b7 (Text Import - [raycasting-cuda-result-4.csv])
[ 12.05.2021 09:37:30.064 win_clear_flags WARN ] Flags cleared on a destroyed window 0x004009c0 (raycasting-cuda-result-4.csv - LibreOffice Calc)
[ 12.05.2021 09:37:32.510 win_clear_flags WARN ] Flags cleared on a destroyed window 0x004009c7 (Text Import - [raycasting-cuda-result-5.csv])
[ 12.05.2021 09:37:37.918 win_clear_flags WARN ] Flags cleared on a destroyed window 0x004009d0 (raycasting-cuda-result-5.csv - LibreOffice Calc)
[ 12.05.2021 09:39:26.752 win_clear_flags WARN ] Flags cleared on a destroyed window 0x00400870 (results)
[ 12.05.2021 09:44:40.647 win_clear_flags WARN ] Flags cleared on a destroyed window 0x004009e8 (Sending Message - Meeting today)
[ 12.05.2021 09:44:42.777 win_clear_flags WARN ] Flags cleared on a destroyed window 0x004009dd (Inbox - timon.vogt@stud.uni-goettingen.de - Mozilla Thunderbird)
[ 12.05.2021 10:11:26.399 win_clear_flags WARN ] Flags cleared on a destroyed window 0x00400134 (testresult.ods - LibreOffice Calc)
[ 12.05.2021 10:19:45.162 win_clear_flags WARN ] Flags cleared on a destroyed window 0x00400a0e (fish /home/atopi)
[ 12.05.2021 10:19:49.852 win_clear_flags WARN ] Flags cleared on a destroyed window 0x00400a1b (fish /home/atopi)
[ 12.05.2021 10:20:43.221 win_clear_flags WARN ] Flags cleared on a destroyed window 0x00400a2e (win0)
[ 12.05.2021 10:21:01.476 win_clear_flags WARN ] Flags cleared on a destroyed window 0x00400a37 (fish /home/atopi/ownCloud/Masterarbeit/Code/visual-hull/raycasting-algorithm/cuda)
[ 12.05.2021 10:23:37.893 win_clear_flags WARN ] Flags cleared on a destroyed window 0x00400a43 (Close tabs?)
[ 12.05.2021 10:24:56.104 win_clear_flags WARN ] Flags cleared on a destroyed window 0x00400a4d (Open File or Project)
[ 12.05.2021 10:24:57.068 win_clear_flags WARN ] Flags cleared on a destroyed window 0x00400a57 (Open Project)
[ 12.05.2021 10:26:51.323 win_clear_flags WARN ] Flags cleared on a destroyed window 0x00400a67 (Open File or Project)
[ 12.05.2021 10:26:52.344 win_clear_flags WARN ] Flags cleared on a destroyed window 0x00400a71 (Open Project)
[ 12.05.2021 10:26:52.524 win_clear_flags WARN ] Flags cleared on a destroyed window 0x00400a61 ( )
[ 12.05.2021 10:30:04.352 win_clear_flags WARN ] Flags cleared on a destroyed window 0x00400a8c (Open File or Project)
[ 12.05.2021 10:30:05.572 win_clear_flags WARN ] Flags cleared on a destroyed window 0x00400a96 (Open Project)
[ 12.05.2021 10:31:32.837 win_clear_flags WARN ] Flags cleared on a destroyed window 0x00400a31 ( )
[ 12.05.2021 10:32:37.922 win_clear_flags WARN ] Flags cleared on a destroyed window 0x00400a86 (fish /home/atopi/ownCloud/Masterarbeit/Code/visual-hull/raycasting-algorithm/c++)
[ 12.05.2021 10:32:43.576 win_clear_flags WARN ] Flags cleared on a destroyed window 0x00400aac (Confirm Exit)
[ 12.05.2021 10:32:43.589 win_clear_flags WARN ] Flags cleared on a destroyed window 0x00400aa0 (visual-hull-new-algorithm – VisualHull.h)
[ 12.05.2021 10:32:51.750 win_clear_flags WARN ] Flags cleared on a destroyed window 0x00400ab7 (win0)
[ 12.05.2021 10:33:55.807 win_clear_flags WARN ] Flags cleared on a destroyed window 0x00400a07 (fish /home/atopi/ownCloud/Masterarbeit/Code/visual-hull/graphics-pipeline)
[ 12.05.2021 10:50:06.933 win_clear_flags WARN ] Flags cleared on a destroyed window 0x00400acc (Opening newplot.png)
[ 12.05.2021 10:50:34.129 win_clear_flags WARN ] Flags cleared on a destroyed window 0x00400ad7 (Opening newplot.png)
[ 12.05.2021 10:50:56.792 win_clear_flags WARN ] Flags cleared on a destroyed window 0x00400ae1 (File Upload)
[ 12.05.2021 11:00:20.634 win_clear_flags WARN ] Flags cleared on a destroyed window 0x00400af6 (Lautstärkeregler)
[ 12.05.2021 11:02:27.871 win_clear_flags WARN ] Flags cleared on a destroyed window 0x00400b03 (Mozilla Firefox)
[ 12.05.2021 13:04:40.618 win_clear_flags WARN ] Flags cleared on a destroyed window 0x00400b5d (root)
[ 12.05.2021 13:04:46.873 win_clear_flags WARN ] Flags cleared on a destroyed window 0x00400b6a (Fehler)
[ 12.05.2021 13:04:52.319 win_clear_flags WARN ] Flags cleared on a destroyed window 0x00400b77 (Fehler)
[ 12.05.2021 13:04:53.851 win_clear_flags WARN ] Flags cleared on a destroyed window 0x00400b80 (Fehler)
[ 12.05.2021 13:04:57.813 win_clear_flags WARN ] Flags cleared on a destroyed window 0x00400b89 (Fehler)
[ 12.05.2021 13:07:15.537 win_clear_flags WARN ] Flags cleared on a destroyed window 0x00400b9b (Fehler)
[ 12.05.2021 13:07:18.344 win_clear_flags WARN ] Flags cleared on a destroyed window 0x00400ba4 (Fehler)
[ 12.05.2021 13:07:20.271 win_clear_flags WARN ] Flags cleared on a destroyed window 0x00400bad (Fehler)
[ 12.05.2021 13:07:59.145 win_clear_flags WARN ] Flags cleared on a destroyed window 0x00400bb6 (Datei ausführen)
[ 12.05.2021 13:08:07.235 win_clear_flags WARN ] Flags cleared on a destroyed window 0x00400bc6 (Schlüsselbund entsperren)
[ 12.05.2021 13:08:08.762 win_clear_flags WARN ] Flags cleared on a destroyed window 0x00400bbf (solr-demo-server.js - Visual Studio Code)
[ 12.05.2021 13:08:13.593 win_clear_flags WARN ] Flags cleared on a destroyed window 0x00400bd7 (Datei ausführen)
[ 12.05.2021 13:08:41.798 glx_bind_pixmap ERROR ] Failed to query info of pixmap 0x01c00b9b.
[ 12.05.2021 13:08:41.798 paint_one ERROR ] Failed to bind texture for window 0x00400be0.
[ 12.05.2021 13:08:41.798 paint_one ERROR ] Window 0x00400be0 is missing painting data.
[ 12.05.2021 13:08:41.863 win_clear_flags WARN ] Flags cleared on a destroyed window 0x00400be0 (solr-demo-server.js - Visual Studio Code)
[ 12.05.2021 13:10:30.413 win_clear_flags WARN ] Flags cleared on a destroyed window 0x00400bf0 (Datei ausführen)
[ 12.05.2021 13:10:40.398 win_clear_flags WARN ] Flags cleared on a destroyed window 0x00400bf9 (build-demo.js - Visual Studio Code)
[ 12.05.2021 13:11:03.593 win_clear_flags WARN ] Flags cleared on a destroyed window 0x00400c00 (Datei ausführen)
[ 12.05.2021 13:11:10.823 win_clear_flags WARN ] Flags cleared on a destroyed window 0x00400c09 (tmp.js - Visual Studio Code)
[ 12.05.2021 13:12:45.511 win_clear_flags WARN ] Flags cleared on a destroyed window 0x00400c10 (Datei ausführen)
[ 12.05.2021 13:12:49.073 win_clear_flags WARN ] Flags cleared on a destroyed window 0x00400c19 (index.js - Visual Studio Code)
[ 12.05.2021 13:13:12.842 win_clear_flags WARN ] Flags cleared on a destroyed window 0x00400c20 (Datei ausführen)
[ 12.05.2021 13:13:20.419 win_clear_flags WARN ] Flags cleared on a destroyed window 0x00400c29 (index.js - Visual Studio Code)
[ 12.05.2021 13:13:28.267 win_clear_flags WARN ] Flags cleared on a destroyed window 0x00400c30 (Datei ausführen)
[ 12.05.2021 13:13:31.904 win_clear_flags WARN ] Flags cleared on a destroyed window 0x00400c39 (solr-demo-server.js - Visual Studio Code)
[ 12.05.2021 13:13:33.643 win_clear_flags WARN ] Flags cleared on a destroyed window 0x00400c40 (Datei ausführen)
[ 12.05.2021 13:13:42.203 glx_bind_pixmap ERROR ] Failed to query info of pixmap 0x01c00c61.
[ 12.05.2021 13:13:42.203 paint_one ERROR ] Failed to bind texture for window 0x00400c49.
[ 12.05.2021 13:13:42.203 paint_one ERROR ] Window 0x00400c49 is missing painting data.
[ 12.05.2021 13:13:42.261 win_clear_flags WARN ] Flags cleared on a destroyed window 0x00400c49 (LidoReader.js - Visual Studio Code)
[ 12.05.2021 13:34:21.643 win_clear_flags WARN ] Flags cleared on a destroyed window 0x00400c62 ((null))
[ 12.05.2021 13:34:27.006 win_clear_flags WARN ] Flags cleared on a destroyed window 0x00400c57 (File Upload)
[ 12.05.2021 13:34:53.215 win_clear_flags WARN ] Flags cleared on a destroyed window 0x00400b08 (E-Mail – timon.vogt@zentr.uni-goettingen.de — Mozilla Firefox)
[ 12.05.2021 13:34:54.897 win_clear_flags WARN ] Flags cleared on a destroyed window 0x00400b58 (fish /mnt/c/Code)
[ 12.05.2021 13:34:55.048 win_clear_flags WARN ] Flags cleared on a destroyed window 0x00400b95 (atopi)
[ 12.05.2021 13:46:50.758 win_clear_flags WARN ] Flags cleared on a destroyed window 0x00400fea (GOG.com — Mozilla Firefox)
